c:\_\turingmachinesimulator\visual studio\turing machine - project\turing machine - project\debug\turing machine - project.pdb
c:\_\turingmachinesimulator\visual studio\turing machine - project\turing machine - project\debug\turing machine - project.idb
c:\_\turingmachinesimulator\visual studio\turing machine - project\turing machine - project\debug\crash.obj
c:\_\turingmachinesimulator\visual studio\turing machine - project\turing machine - project\debug\final_states.obj
c:\_\turingmachinesimulator\visual studio\turing machine - project\turing machine - project\debug\input_alphabet.obj
c:\_\turingmachinesimulator\visual studio\turing machine - project\turing machine - project\debug\main.obj
c:\_\turingmachinesimulator\visual studio\turing machine - project\turing machine - project\debug\states.obj
c:\_\turingmachinesimulator\visual studio\turing machine - project\turing machine - project\debug\tape.obj
c:\_\turingmachinesimulator\visual studio\turing machine - project\turing machine - project\debug\tape_alphabet.obj
c:\_\turingmachinesimulator\visual studio\turing machine - project\turing machine - project\debug\transition.obj
c:\_\turingmachinesimulator\visual studio\turing machine - project\turing machine - project\debug\transition_function.obj
c:\_\turingmachinesimulator\visual studio\turing machine - project\turing machine - project\debug\turing_machine.obj
c:\_\turingmachinesimulator\visual studio\turing machine - project\turing machine - project\debug\visable.obj
c:\_\turingmachinesimulator\visual studio\turing machine - project\debug\turing machine - project.lib
c:\_\turingmachinesimulator\visual studio\turing machine - project\debug\turing machine - project.pdb
c:\_\turingmachinesimulator\visual studio\turing machine - project\turing machine - project\debug\turing m.20e4630b.tlog\cl.command.1.tlog
c:\_\turingmachinesimulator\visual studio\turing machine - project\turing machine - project\debug\turing m.20e4630b.tlog\cl.read.1.tlog
c:\_\turingmachinesimulator\visual studio\turing machine - project\turing machine - project\debug\turing m.20e4630b.tlog\cl.write.1.tlog
c:\_\turingmachinesimulator\visual studio\turing machine - project\turing machine - project\debug\turing m.20e4630b.tlog\lib-link.read.1.tlog
c:\_\turingmachinesimulator\visual studio\turing machine - project\turing machine - project\debug\turing m.20e4630b.tlog\lib-link.write.1.tlog
c:\_\turingmachinesimulator\visual studio\turing machine - project\turing machine - project\debug\turing m.20e4630b.tlog\lib.command.1.tlog
