  Visable.cpp
  Turing_Machine.cpp
c:\_\turingmachinesimulator\source\turing_machine.cpp(171): warning C4018: '<': signed/unsigned mismatch
c:\_\turingmachinesimulator\source\turing_machine.cpp(307): warning C4101: 'Error': unreferenced local variable
c:\_\turingmachinesimulator\source\turing_machine.cpp(317): warning C4101: 'Error': unreferenced local variable
  Transition_Function.cpp
  Transition.cpp
  Tape_Alphabet.cpp
  Tape.cpp
c:\_\turingmachinesimulator\source\tape.cpp(174): warning C4018: '<': signed/unsigned mismatch
c:\_\turingmachinesimulator\source\tape.cpp(202): warning C4018: '<': signed/unsigned mismatch
  States.cpp
c:\_\turingmachinesimulator\source\states.cpp(130): warning C4018: '<': signed/unsigned mismatch
  Main.cpp
c:\_\turingmachinesimulator\source\delete_command.h(79): warning C4018: '>=': signed/unsigned mismatch
c:\_\turingmachinesimulator\source\delete_command.h(64): warning C4101: 'oor': unreferenced local variable
c:\_\turingmachinesimulator\source\run_command.h(94): warning C4018: '>=': signed/unsigned mismatch
c:\_\turingmachinesimulator\source\run_command.h(79): warning C4101: 'oor': unreferenced local variable
c:\_\turingmachinesimulator\source\set_command.h(58): warning C4101: 'oor': unreferenced local variable
c:\_\turingmachinesimulator\source\truncate_command.h(59): warning C4101: 'oor': unreferenced local variable
  Input_Alphabet.cpp
  Final_States.cpp
c:\_\turingmachinesimulator\source\final_states.cpp(98): warning C4018: '<': signed/unsigned mismatch
  crash.cpp
  Generating Code...
  Turing Machine - Project.vcxproj -> C:\_\TuringMachineSimulator\Visual Studio\Turing Machine - Project\Debug\Turing Machine - Project.lib
